2016 Dec 08/11:20:48.820033230 AM CST [Error] seelog error
2016 Dec 08/11:45:55 AM CST [Error] seelog error
2016 Dec 08/11:46:16 AM CST [Error] seelog error
2016 Dec 08/11:46:27 AM CST [Error] QueryWpterms
2016 Dec 08/12:09:39 PM CST [Error] seelog error
2016 Dec 08/12:12:25 PM CST [Error] seelog error
2016 Dec 08/1:55:17 PM CST [Error] seelog error
2016 Dec 08/1:55:36 PM CST [Error] QueryWpterms
2016 Dec 09/12:33:18 AM CST [Error] seelog error
2016 Dec 09/12:33:29 AM CST [Error] QueryWpterms
2016 Dec 12/7:47:39 AM CST [Error] seelog error
2016 Dec 12/7:47:52 AM CST [Error] QueryWpterms
2016 Dec 12/7:50:23 AM CST [Error] seelog error
2016 Dec 12/7:51:55 AM CST [Error] QueryWpterms
2016 Dec 12/8:15:13 AM CST [Error] seelog error
2016 Dec 12/8:25:12 AM CST [Error] seelog error
2016 Dec 12/11:56:26 AM CST [Error] seelog error
2016 Dec 12/11:59:48 AM CST [Error] seelog error
2016 Dec 12/12:01:59 PM CST [Error] seelog error
2016 Dec 12/12:04:42 PM CST [Error] seelog error
2016 Dec 12/12:13:53 PM CST [Error] seelog error
2016 Dec 12/12:15:53 PM CST [Error] seelog error
2016 Dec 12/12:16:08 PM CST [Error] seelog error
2016 Dec 12/1:05:27 PM CST [Error] QueryWpterms
2016 Dec 14/8:55:37 AM CST [Error] seelog error
