repo.go /Users/jinchun/Documents/GOLang/src/microcodor/repo.go repo.go seelog error
repo.go /Users/jinchun/Documents/GOLang/src/microcodor/repo.go repo.go seelog info
repo.go /Users/jinchun/Documents/GOLang/src/microcodor/repo.go repo.go seelog debug
repo.go /Users/jinchun/Documents/GOLang/src/microcodor/repo.go repo.go seelog error
repo.go /Users/jinchun/Documents/GOLang/src/microcodor/repo.go repo.go seelog info
repo.go /Users/jinchun/Documents/GOLang/src/microcodor/repo.go repo.go seelog debug
repo.go /Users/jinchun/Documents/GOLang/src/microcodor/repo.go repo.go seelog error
repo.go /Users/jinchun/Documents/GOLang/src/microcodor/repo.go repo.go seelog info
repo.go /Users/jinchun/Documents/GOLang/src/microcodor/repo.go repo.go seelog debug
handlers.go /Users/jinchun/Documents/GOLang/src/microcodor/handlers.go handlers.go QueryWpterms
repo.go /Users/jinchun/Documents/GOLang/src/microcodor/repo.go repo.go seelog error
repo.go /Users/jinchun/Documents/GOLang/src/microcodor/repo.go repo.go seelog info
repo.go /Users/jinchun/Documents/GOLang/src/microcodor/repo.go repo.go seelog debug
repo.go /Users/jinchun/Documents/GOLang/src/microcodor/repo.go repo.go seelog error
repo.go /Users/jinchun/Documents/GOLang/src/microcodor/repo.go repo.go seelog info
repo.go /Users/jinchun/Documents/GOLang/src/microcodor/repo.go repo.go seelog debug
repo.go /Users/jinchun/Documents/GOLang/src/GolangRestfulDemo/repo.go repo.go seelog error
repo.go /Users/jinchun/Documents/GOLang/src/GolangRestfulDemo/repo.go repo.go seelog info
repo.go /Users/jinchun/Documents/GOLang/src/GolangRestfulDemo/repo.go repo.go seelog debug
handlers.go /Users/jinchun/Documents/GOLang/src/GolangRestfulDemo/handlers.go handlers.go QueryWpterms
repo.go /Users/jinchun/Documents/GOLang/src/GolangRestfulDemo/repo.go repo.go seelog error
repo.go /Users/jinchun/Documents/GOLang/src/GolangRestfulDemo/repo.go repo.go seelog info
repo.go /Users/jinchun/Documents/GOLang/src/GolangRestfulDemo/repo.go repo.go seelog debug
handlers.go /Users/jinchun/Documents/GOLang/src/GolangRestfulDemo/handlers.go handlers.go QueryWpterms
repo.go /Users/jinchun/Documents/GOLang/src/GolangRestfulDemo/repo.go repo.go seelog error
repo.go /Users/jinchun/Documents/GOLang/src/GolangRestfulDemo/repo.go repo.go seelog info
repo.go /Users/jinchun/Documents/GOLang/src/GolangRestfulDemo/repo.go repo.go seelog debug
handlers.go /Users/jinchun/Documents/GOLang/src/GolangRestfulDemo/handlers.go handlers.go QueryWpterms
repo.go /Users/jinchun/Documents/GOLang/src/GolangRestfulDemo/repo.go repo.go seelog error
repo.go /Users/jinchun/Documents/GOLang/src/GolangRestfulDemo/repo.go repo.go seelog info
repo.go /Users/jinchun/Documents/GOLang/src/GolangRestfulDemo/repo.go repo.go seelog debug
handlers.go /Users/jinchun/Documents/GOLang/src/GolangRestfulDemo/handlers.go handlers.go QueryWpterms
repo.go /Users/jinchun/Documents/GOLang/src/GolangRestfulDemo/repo.go repo.go seelog error
repo.go /Users/jinchun/Documents/GOLang/src/GolangRestfulDemo/repo.go repo.go seelog info
repo.go /Users/jinchun/Documents/GOLang/src/GolangRestfulDemo/repo.go repo.go seelog debug
repo.go /Users/jinchun/Documents/GOLang/src/GolangRestfulDemo/repo.go repo.go seelog error
repo.go /Users/jinchun/Documents/GOLang/src/GolangRestfulDemo/repo.go repo.go seelog info
repo.go /Users/jinchun/Documents/GOLang/src/GolangRestfulDemo/repo.go repo.go seelog debug
repo.go /Users/jinchun/Documents/GOLang/src/GolangRestfulDemo/repo.go repo.go seelog error
repo.go /Users/jinchun/Documents/GOLang/src/GolangRestfulDemo/repo.go repo.go seelog info
repo.go /Users/jinchun/Documents/GOLang/src/GolangRestfulDemo/repo.go repo.go seelog debug
repo.go /Users/jinchun/Documents/GOLang/src/GolangRestfulDemo/repo.go repo.go seelog error
repo.go /Users/jinchun/Documents/GOLang/src/GolangRestfulDemo/repo.go repo.go seelog info
repo.go /Users/jinchun/Documents/GOLang/src/GolangRestfulDemo/repo.go repo.go seelog debug
repo.go /Users/jinchun/Documents/GOLang/src/GolangRestfulDemo/repo.go repo.go seelog error
repo.go /Users/jinchun/Documents/GOLang/src/GolangRestfulDemo/repo.go repo.go seelog info
repo.go /Users/jinchun/Documents/GOLang/src/GolangRestfulDemo/repo.go repo.go seelog debug
repo.go /Users/jinchun/Documents/GOLang/src/GolangRestfulDemo/repo.go repo.go seelog error
repo.go /Users/jinchun/Documents/GOLang/src/GolangRestfulDemo/repo.go repo.go seelog info
repo.go /Users/jinchun/Documents/GOLang/src/GolangRestfulDemo/repo.go repo.go seelog debug
repo.go /Users/jinchun/Documents/GOLang/src/GolangRestfulDemo/repo.go repo.go seelog error
repo.go /Users/jinchun/Documents/GOLang/src/GolangRestfulDemo/repo.go repo.go seelog info
repo.go /Users/jinchun/Documents/GOLang/src/GolangRestfulDemo/repo.go repo.go seelog debug
repo.go /Users/jinchun/Documents/GOLang/src/GolangRestfulDemo/repo.go repo.go seelog error
repo.go /Users/jinchun/Documents/GOLang/src/GolangRestfulDemo/repo.go repo.go seelog info
repo.go /Users/jinchun/Documents/GOLang/src/GolangRestfulDemo/repo.go repo.go seelog debug
repo.go /Users/jinchun/Documents/GOLang/src/GolangRestfulDemo/repo.go repo.go seelog error
repo.go /Users/jinchun/Documents/GOLang/src/GolangRestfulDemo/repo.go repo.go seelog info
repo.go /Users/jinchun/Documents/GOLang/src/GolangRestfulDemo/repo.go repo.go seelog debug
handlers.go /Users/jinchun/Documents/GOLang/src/GolangRestfulDemo/handlers.go handlers.go QueryWpterms
repo.go /Users/jinchun/Documents/GOLang/src/GolangRestfulDemo/repo.go repo.go seelog error
repo.go /Users/jinchun/Documents/GOLang/src/GolangRestfulDemo/repo.go repo.go seelog info
repo.go /Users/jinchun/Documents/GOLang/src/GolangRestfulDemo/repo.go repo.go seelog debug
